[0.208s] Invoking command in '/home/adrien/CPE---Modelisation-et-Gestion-du-mouvement/build/urdf_tutorial': /usr/bin/cmake /home/adrien/CPE---Modelisation-et-Gestion-du-mouvement/src/prelims/URDF/urdf_tutorial -DCATKIN_INSTALL_INTO_PREFIX_ROOT=0 -DCMAKE_INSTALL_PREFIX=/home/adrien/CPE---Modelisation-et-Gestion-du-mouvement/install/urdf_tutorial
[0.331s] -- The C compiler identification is GNU 11.4.0
[0.447s] -- The CXX compiler identification is GNU 11.4.0
[0.459s] -- Detecting C compiler ABI info
[0.552s] -- Detecting C compiler ABI info - done
[0.570s] -- Check for working C compiler: /usr/bin/cc - skipped
[0.570s] -- Detecting C compile features
[0.571s] -- Detecting C compile features - done
[0.580s] -- Detecting CXX compiler ABI info
[0.710s] -- Detecting CXX compiler ABI info - done
[0.730s] -- Check for working CXX compiler: /usr/bin/c++ - skipped
[0.730s] -- Detecting CXX compile features
[0.731s] -- Detecting CXX compile features - done
[0.760s] [31mCMake Error at CMakeLists.txt:4 (find_package):
[0.760s]   By not providing "Findcatkin.cmake" in CMAKE_MODULE_PATH this project has
[0.761s]   asked CMake to find a package configuration file provided by "catkin", but
[0.761s]   CMake did not find one.
[0.761s] 
[0.761s]   Could not find a package configuration file provided by "catkin" with any
[0.761s]   of the following names:
[0.761s] 
[0.761s]     catkinConfig.cmake
[0.762s]     catkin-config.cmake
[0.762s] 
[0.762s]   Add the installation prefix of "catkin" to CMAKE_PREFIX_PATH or set
[0.762s]   "catkin_DIR" to a directory containing one of the above files.  If "catkin"
[0.762s]   provides a separate development package or SDK, be sure it has been
[0.762s]   installed.
[0.762s] 
[0.762s] [0m
[0.762s] -- Configuring incomplete, errors occurred!
[0.762s] See also "/home/adrien/CPE---Modelisation-et-Gestion-du-mouvement/build/urdf_tutorial/CMakeFiles/CMakeOutput.log".
[0.768s] Invoked command in '/home/adrien/CPE---Modelisation-et-Gestion-du-mouvement/build/urdf_tutorial' returned '1': /usr/bin/cmake /home/adrien/CPE---Modelisation-et-Gestion-du-mouvement/src/prelims/URDF/urdf_tutorial -DCATKIN_INSTALL_INTO_PREFIX_ROOT=0 -DCMAKE_INSTALL_PREFIX=/home/adrien/CPE---Modelisation-et-Gestion-du-mouvement/install/urdf_tutorial
